c:\users\admin\desktop\live\bingwickle-v.1one\bingwickle\bingwickle dot build\bingwickle dot build\x64\debug\vc143.pdb
c:\users\admin\desktop\live\bingwickle-v.1one\bingwickle\bingwickle dot build\bingwickle dot build\x64\debug\vc143.idb
c:\users\admin\desktop\live\bingwickle-v.1one\bingwickle\bingwickle dot build\bingwickle dot build\x64\debug\setconsole.obj
c:\users\admin\desktop\live\bingwickle-v.1one\bingwickle\bingwickle dot build\bingwickle dot build\x64\debug\playbing.obj
c:\users\admin\desktop\live\bingwickle-v.1one\bingwickle\bingwickle dot build\bingwickle dot build\x64\debug\mainmenu.obj
c:\users\admin\desktop\live\bingwickle-v.1one\bingwickle\bingwickle dot build\bingwickle dot build\x64\debug\main.obj
c:\users\admin\desktop\live\bingwickle-v.1one\bingwickle\bingwickle dot build\bingwickle dot build\x64\debug\globals.obj
c:\users\admin\desktop\live\bingwickle-v.1one\bingwickle\bingwickle dot build\bingwickle dot build\x64\debug\commandlprmpt.obj
c:\users\admin\desktop\live\bingwickle-v.1one\bingwickle\bingwickle dot build\bingwickle dot build\x64\debug\audio.obj
c:\users\admin\desktop\live\bingwickle-v.1one\bingwickle\bingwickle dot build\x64\debug\bingwickle.exe
c:\users\admin\desktop\live\bingwickle-v.1one\bingwickle\bingwickle dot build\x64\debug\bingwickle.pdb
c:\users\admin\desktop\live\bingwickle-v.1one\bingwickle\bingwickle dot build\bingwickle dot build\x64\debug\theiconresource.res
c:\users\admin\desktop\live\bingwickle-v.1one\bingwickle\bingwickle dot build\bingwickle dot build\x64\debug\bingwickle.ilk
c:\users\admin\desktop\live\bingwickle-v.1one\bingwickle\bingwickle dot build\bingwickle dot build\x64\debug\bingwickle.tlog\cl.command.1.tlog
c:\users\admin\desktop\live\bingwickle-v.1one\bingwickle\bingwickle dot build\bingwickle dot build\x64\debug\bingwickle.tlog\cl.items.tlog
c:\users\admin\desktop\live\bingwickle-v.1one\bingwickle\bingwickle dot build\bingwickle dot build\x64\debug\bingwickle.tlog\cl.read.1.tlog
c:\users\admin\desktop\live\bingwickle-v.1one\bingwickle\bingwickle dot build\bingwickle dot build\x64\debug\bingwickle.tlog\cl.write.1.tlog
c:\users\admin\desktop\live\bingwickle-v.1one\bingwickle\bingwickle dot build\bingwickle dot build\x64\debug\bingwickle.tlog\link.command.1.tlog
c:\users\admin\desktop\live\bingwickle-v.1one\bingwickle\bingwickle dot build\bingwickle dot build\x64\debug\bingwickle.tlog\link.read.1.tlog
c:\users\admin\desktop\live\bingwickle-v.1one\bingwickle\bingwickle dot build\bingwickle dot build\x64\debug\bingwickle.tlog\link.secondary.1.tlog
c:\users\admin\desktop\live\bingwickle-v.1one\bingwickle\bingwickle dot build\bingwickle dot build\x64\debug\bingwickle.tlog\link.write.1.tlog
c:\users\admin\desktop\live\bingwickle-v.1one\bingwickle\bingwickle dot build\bingwickle dot build\x64\debug\bingwickle.tlog\rc.command.1.tlog
c:\users\admin\desktop\live\bingwickle-v.1one\bingwickle\bingwickle dot build\bingwickle dot build\x64\debug\bingwickle.tlog\rc.read.1.tlog
c:\users\admin\desktop\live\bingwickle-v.1one\bingwickle\bingwickle dot build\bingwickle dot build\x64\debug\bingwickle.tlog\rc.write.1.tlog
